Discount>>Test>>default>>0>>1599226355317
2871<<Administration Result<<2020-09-04 15:32:35.841 CEST<<DESKTOP-UOTF97V\SBawek<<deploy<<F:/Repositories/correct/BestCommerceProductDiscounts/GeneratedBarFiles/Discountproject.generated.bar<<BAR<<default<<ExecutionGroup<<COMPLETE
Discount>>Test>>default>>0>>1599226901059
2871<<Administration Result<<2020-09-04 15:42:54.799 CEST<<DESKTOP-UOTF97V\SBawek<<deploy<<F:/Repositories/correct/BestCommerceProductDiscounts/GeneratedBarFiles/Discountproject.generated.bar<<BAR<<default<<ExecutionGroup<<COMPLETE
Discount>>Test>>default>>0>>1599226982519
2871<<Administration Result<<2020-09-04 15:43:05.895 CEST<<DESKTOP-UOTF97V\SBawek<<deploy<<F:/Repositories/correct/BestCommerceProductDiscounts/GeneratedBarFiles/Discountproject.generated.bar<<BAR<<default<<ExecutionGroup<<COMPLETE
Discount>>Test>>default>>0>>1599227095524
2871<<Administration Result<<2020-09-04 15:45:00.147 CEST<<DESKTOP-UOTF97V\SBawek<<deploy<<F:/Repositories/correct/BestCommerceProductDiscounts/GeneratedBarFiles/Discountproject.generated.bar<<BAR<<default<<ExecutionGroup<<COMPLETE
Discount>>Test>>default>>0>>1599227523103
2871<<Administration Result<<2020-09-04 15:52:06.141 CEST<<DESKTOP-UOTF97V\SBawek<<deploy<<F:/Repositories/correct/BestCommerceProductDiscounts/GeneratedBarFiles/Discountproject.generated.bar<<BAR<<default<<ExecutionGroup<<COMPLETE
Discount>>Test>>default>>0>>1599229029623
2871<<Administration Result<<2020-09-04 16:17:11.376 CEST<<DESKTOP-UOTF97V\SBawek<<deploy<<F:/Repositories/correct/BestCommerceProductDiscounts/GeneratedBarFiles/Discountproject.generated.bar<<BAR<<default<<ExecutionGroup<<COMPLETE
Discount>>Test>>default>>2>>1599230371961
2087<<Runtime Response<<2020-09-04 16:39:36.831 CEST<<Test<<ee74d251-72fb-4b64-8eff-3ce9ac3f797b
4041<<Runtime Response<<2020-09-04 16:39:36.831 CEST<<default<<172ca1b9-80a6-43f1-92f6-a9abb5299a78
4001<<Runtime Response<<2020-09-04 16:39:36.831 CEST<<postSetDiscount.Set Data
2420<<Runtime Response<<2020-09-04 16:39:36.831 CEST<<.postSetDiscount_Set_Data.GetDataFormBodyRequest<<21.8<<||
2871<<Administration Result<<2020-09-04 16:39:36.831 CEST<<DESKTOP-UOTF97V\SBawek<<deploy<<F:/Repositories/correct/BestCommerceProductDiscounts/GeneratedBarFiles/Discountproject.generated.bar<<BAR<<default<<ExecutionGroup<<FAILED
Discount>>Test>>default>>0>>1599230419760
2871<<Administration Result<<2020-09-04 16:40:22.931 CEST<<DESKTOP-UOTF97V\SBawek<<deploy<<F:/Repositories/correct/BestCommerceProductDiscounts/GeneratedBarFiles/Discountproject.generated.bar<<BAR<<default<<ExecutionGroup<<COMPLETE
Discount>>Test>>default>>0>>1599231574058
2871<<Administration Result<<2020-09-04 16:59:39.007 CEST<<DESKTOP-UOTF97V\SBawek<<deploy<<F:/Repositories/correct/BestCommerceProductDiscounts/GeneratedBarFiles/Discountproject.generated.bar<<BAR<<default<<ExecutionGroup<<COMPLETE
Discount>>Test>>default>>2>>1599231799839
2087<<Runtime Response<<2020-09-04 17:03:25.212 CEST<<Test<<ee74d251-72fb-4b64-8eff-3ce9ac3f797b
4041<<Runtime Response<<2020-09-04 17:03:25.212 CEST<<default<<172ca1b9-80a6-43f1-92f6-a9abb5299a78
4001<<Runtime Response<<2020-09-04 17:03:25.212 CEST<<postSetDiscount.Set Data
2420<<Runtime Response<<2020-09-04 17:03:25.212 CEST<<.postSetDiscount_Set_Data.GetDataFormBodyRequest<<20.8<<||
2871<<Administration Result<<2020-09-04 17:03:25.212 CEST<<DESKTOP-UOTF97V\SBawek<<deploy<<F:/Repositories/correct/BestCommerceProductDiscounts/GeneratedBarFiles/Discountproject.generated.bar<<BAR<<default<<ExecutionGroup<<FAILED
Discount>>Test>>default>>2>>1599231908812
2087<<Runtime Response<<2020-09-04 17:05:11.401 CEST<<Test<<ee74d251-72fb-4b64-8eff-3ce9ac3f797b
4041<<Runtime Response<<2020-09-04 17:05:11.401 CEST<<default<<172ca1b9-80a6-43f1-92f6-a9abb5299a78
4001<<Runtime Response<<2020-09-04 17:05:11.401 CEST<<postSetDiscount.Set Data
2420<<Runtime Response<<2020-09-04 17:05:11.401 CEST<<.postSetDiscount_Set_Data.GetDataFormBodyRequest<<17.8<<||
2871<<Administration Result<<2020-09-04 17:05:11.401 CEST<<DESKTOP-UOTF97V\SBawek<<deploy<<F:/Repositories/correct/BestCommerceProductDiscounts/GeneratedBarFiles/Discountproject.generated.bar<<BAR<<default<<ExecutionGroup<<FAILED
Discount>>Test>>default>>2>>1599231974178
2087<<Runtime Response<<2020-09-04 17:06:17.590 CEST<<Test<<ee74d251-72fb-4b64-8eff-3ce9ac3f797b
4041<<Runtime Response<<2020-09-04 17:06:17.590 CEST<<default<<172ca1b9-80a6-43f1-92f6-a9abb5299a78
4001<<Runtime Response<<2020-09-04 17:06:17.590 CEST<<postSetDiscount.Set Data
2420<<Runtime Response<<2020-09-04 17:06:17.590 CEST<<.postSetDiscount_Set_Data.GetDataFormBodyRequest<<15.8<<||
2871<<Administration Result<<2020-09-04 17:06:17.590 CEST<<DESKTOP-UOTF97V\SBawek<<deploy<<F:/Repositories/correct/BestCommerceProductDiscounts/GeneratedBarFiles/Discountproject.generated.bar<<BAR<<default<<ExecutionGroup<<FAILED
Discount>>Test>>default>>0>>1599232102854
2871<<Administration Result<<2020-09-04 17:08:28.709 CEST<<DESKTOP-UOTF97V\SBawek<<deploy<<F:/Repositories/correct/BestCommerceProductDiscounts/GeneratedBarFiles/Discountproject.generated.bar<<BAR<<default<<ExecutionGroup<<COMPLETE
Discount>>Test>>default>>0>>1599232788720
2871<<Administration Result<<2020-09-04 17:19:54.230 CEST<<DESKTOP-UOTF97V\SBawek<<deploy<<F:/Repositories/correct/BestCommerceProductDiscounts/GeneratedBarFiles/Discountproject.generated.bar<<BAR<<default<<ExecutionGroup<<COMPLETE
Discount>>Test>>default>>0>>1599232915888
2871<<Administration Result<<2020-09-04 17:21:57.529 CEST<<DESKTOP-UOTF97V\SBawek<<deploy<<F:/Repositories/correct/BestCommerceProductDiscounts/GeneratedBarFiles/Discountproject.generated.bar<<BAR<<default<<ExecutionGroup<<COMPLETE
Discount>>Test>>default>>0>>1599233101182
2871<<Administration Result<<2020-09-04 17:25:03.637 CEST<<DESKTOP-UOTF97V\SBawek<<deploy<<F:/Repositories/correct/BestCommerceProductDiscounts/GeneratedBarFiles/Discountproject.generated.bar<<BAR<<default<<ExecutionGroup<<COMPLETE
Discount>>Test>>default>>0>>1599233347738
2871<<Administration Result<<2020-09-04 17:29:10.407 CEST<<DESKTOP-UOTF97V\SBawek<<deploy<<F:/Repositories/correct/BestCommerceProductDiscounts/GeneratedBarFiles/Discountproject.generated.bar<<BAR<<default<<ExecutionGroup<<COMPLETE
Discount>>Test>>default>>0>>1599234044781
2871<<Administration Result<<2020-09-04 17:40:50.577 CEST<<DESKTOP-UOTF97V\SBawek<<deploy<<F:/Repositories/correct/BestCommerceProductDiscounts/GeneratedBarFiles/Discountproject.generated.bar<<BAR<<default<<ExecutionGroup<<COMPLETE
Discount>>Test>>default>>0>>1599234142297
2871<<Administration Result<<2020-09-04 17:42:26.853 CEST<<DESKTOP-UOTF97V\SBawek<<deploy<<F:/Repositories/correct/BestCommerceProductDiscounts/GeneratedBarFiles/Discountproject.generated.bar<<BAR<<default<<ExecutionGroup<<COMPLETE
Discount>>Test>>default>>0>>1599234218314
2871<<Administration Result<<2020-09-04 17:43:40.854 CEST<<DESKTOP-UOTF97V\SBawek<<deploy<<F:/Repositories/correct/BestCommerceProductDiscounts/GeneratedBarFiles/Discountproject.generated.bar<<BAR<<default<<ExecutionGroup<<COMPLETE
Discount>>Test>>default>>0>>1599234344968
2871<<Administration Result<<2020-09-04 17:45:47.907 CEST<<DESKTOP-UOTF97V\SBawek<<deploy<<F:/Repositories/correct/BestCommerceProductDiscounts/GeneratedBarFiles/Discountproject.generated.bar<<BAR<<default<<ExecutionGroup<<COMPLETE
Discount>>Test>>default>>0>>1599234451395
2871<<Administration Result<<2020-09-04 17:47:37.824 CEST<<DESKTOP-UOTF97V\SBawek<<deploy<<F:/Repositories/correct/BestCommerceProductDiscounts/GeneratedBarFiles/Discountproject.generated.bar<<BAR<<default<<ExecutionGroup<<COMPLETE
Discount>>Test>>default>>0>>1599234538367
2871<<Administration Result<<2020-09-04 17:49:04.413 CEST<<DESKTOP-UOTF97V\SBawek<<deploy<<F:/Repositories/correct/BestCommerceProductDiscounts/GeneratedBarFiles/Discountproject.generated.bar<<BAR<<default<<ExecutionGroup<<COMPLETE
Discount>>Test>>default>>0>>1599234714367
2871<<Administration Result<<2020-09-04 17:51:57.070 CEST<<DESKTOP-UOTF97V\SBawek<<deploy<<F:/Repositories/correct/BestCommerceProductDiscounts/GeneratedBarFiles/Discountproject.generated.bar<<BAR<<default<<ExecutionGroup<<COMPLETE
Discount>>Test>>default>>0>>1599234829192
2871<<Administration Result<<2020-09-04 17:53:54.575 CEST<<DESKTOP-UOTF97V\SBawek<<deploy<<F:/Repositories/correct/BestCommerceProductDiscounts/GeneratedBarFiles/Discountproject.generated.bar<<BAR<<default<<ExecutionGroup<<COMPLETE
Discount>>Test>>default>>0>>1599234919840
2871<<Administration Result<<2020-09-04 17:55:22.914 CEST<<DESKTOP-UOTF97V\SBawek<<deploy<<F:/Repositories/correct/BestCommerceProductDiscounts/GeneratedBarFiles/Discountproject.generated.bar<<BAR<<default<<ExecutionGroup<<COMPLETE
Discount>>Test>>default>>0>>1599239992261
2871<<Administration Result<<2020-09-04 19:19:58.235 CEST<<DESKTOP-UOTF97V\SBawek<<deploy<<F:/Repositories/correct/BestCommerceProductDiscounts/GeneratedBarFiles/Discountproject.generated.bar<<BAR<<default<<ExecutionGroup<<COMPLETE
Discount>>Test>>default>>0>>1599240325205
2871<<Administration Result<<2020-09-04 19:25:27.750 CEST<<DESKTOP-UOTF97V\SBawek<<deploy<<F:/Repositories/correct/BestCommerceProductDiscounts/GeneratedBarFiles/Discountproject.generated.bar<<BAR<<default<<ExecutionGroup<<COMPLETE
Discount>>Test>>default>>0>>1599241132420
2871<<Administration Result<<2020-09-04 19:38:54.841 CEST<<DESKTOP-UOTF97V\SBawek<<deploy<<F:/Repositories/correct/BestCommerceProductDiscounts/GeneratedBarFiles/Discountproject.generated.bar<<BAR<<default<<ExecutionGroup<<COMPLETE
Discount>>Test>>default>>0>>1599241276082
2871<<Administration Result<<2020-09-04 19:41:18.957 CEST<<DESKTOP-UOTF97V\SBawek<<deploy<<F:/Repositories/correct/BestCommerceProductDiscounts/GeneratedBarFiles/Discountproject.generated.bar<<BAR<<default<<ExecutionGroup<<COMPLETE
Discount>>Test>>default>>0>>1599242424746
2871<<Administration Result<<2020-09-04 20:00:27.362 CEST<<DESKTOP-UOTF97V\SBawek<<deploy<<F:/Repositories/correct/BestCommerceProductDiscounts/GeneratedBarFiles/Discountproject.generated.bar<<BAR<<default<<ExecutionGroup<<COMPLETE
Discount>>Test>>default>>2>>1599242622629
2087<<Runtime Response<<2020-09-04 20:03:46.873 CEST<<Test<<ee74d251-72fb-4b64-8eff-3ce9ac3f797b
4041<<Runtime Response<<2020-09-04 20:03:46.874 CEST<<default<<172ca1b9-80a6-43f1-92f6-a9abb5299a78
4001<<Runtime Response<<2020-09-04 20:03:46.874 CEST<<getGetProduct.SearchDiscount
2420<<Runtime Response<<2020-09-04 20:03:46.874 CEST<<.getGetProduct_SearchDiscount.GetDiscount<<9.15<<||
2871<<Administration Result<<2020-09-04 20:03:46.874 CEST<<DESKTOP-UOTF97V\SBawek<<deploy<<F:/Repositories/correct/BestCommerceProductDiscounts/GeneratedBarFiles/Discountproject.generated.bar<<BAR<<default<<ExecutionGroup<<FAILED
Discount>>Test>>default>>0>>1599242943849
2871<<Administration Result<<2020-09-04 20:09:08.234 CEST<<DESKTOP-UOTF97V\SBawek<<deploy<<F:/Repositories/correct/BestCommerceProductDiscounts/GeneratedBarFiles/Discountproject.generated.bar<<BAR<<default<<ExecutionGroup<<COMPLETE
Discount>>Test>>default>>0>>1599243262942
2871<<Administration Result<<2020-09-04 20:14:24.653 CEST<<DESKTOP-UOTF97V\SBawek<<deploy<<F:/Repositories/correct/BestCommerceProductDiscounts/GeneratedBarFiles/Discountproject.generated.bar<<BAR<<default<<ExecutionGroup<<COMPLETE
Discount>>Test>>default>>0>>1599243593763
2871<<Administration Result<<2020-09-04 20:20:00.083 CEST<<DESKTOP-UOTF97V\SBawek<<deploy<<F:/Repositories/correct/BestCommerceProductDiscounts/GeneratedBarFiles/Discountproject.generated.bar<<BAR<<default<<ExecutionGroup<<COMPLETE
Discount>>Test>>default>>0>>1599243807916
2871<<Administration Result<<2020-09-04 20:23:30.888 CEST<<DESKTOP-UOTF97V\SBawek<<deploy<<F:/Repositories/correct/BestCommerceProductDiscounts/GeneratedBarFiles/Discountproject.generated.bar<<BAR<<default<<ExecutionGroup<<COMPLETE
Discount>>Test>>default>>0>>1599243947259
2871<<Administration Result<<2020-09-04 20:25:50.556 CEST<<DESKTOP-UOTF97V\SBawek<<deploy<<F:/Repositories/correct/BestCommerceProductDiscounts/GeneratedBarFiles/Discountproject.generated.bar<<BAR<<default<<ExecutionGroup<<COMPLETE
Discount>>Test>>default>>0>>1599244182832
2871<<Administration Result<<2020-09-04 20:29:48.581 CEST<<DESKTOP-UOTF97V\SBawek<<deploy<<F:/Repositories/correct/BestCommerceProductDiscounts/GeneratedBarFiles/Discountproject.generated.bar<<BAR<<default<<ExecutionGroup<<COMPLETE
